<?xml version="1.0" encoding="UTF-8"?>
<!-- Generated by org.testng.reporters.JUnitReportReporter -->
<testsuite hostname="DESKTOP-VJ8GD4N" failures="0" tests="2" name="tests.Test1" time="10.676" errors="0" timestamp="2024-07-09T09:05:37 IST" skipped="0">
  <testcase classname="tests.Test1" name="test1" time="6.735"/>
  <testcase classname="tests.Test1" name="test2" time="3.941"/>
</testsuite> <!-- tests.Test1 -->
