<?xml version="1.0" encoding="UTF-8"?>
<!-- Generated by org.testng.reporters.JUnitReportReporter -->
<testsuite hostname="DESKTOP-VJ8GD4N" failures="0" tests="2" name="tests.GetandPostExamples" time="6.582" errors="0" timestamp="2024-07-09T15:43:18 IST" skipped="0">
  <testcase classname="tests.GetandPostExamples" name="testPost" time="0.551"/>
  <testcase classname="tests.GetandPostExamples" name="tesGet" time="6.031"/>
</testsuite> <!-- tests.GetandPostExamples -->
