<?xml version="1.0" encoding="UTF-8"?>
<!-- Generated by org.testng.reporters.JUnitReportReporter -->
<testsuite hostname="DESKTOP-VJ8GD4N" failures="0" tests="3" name="tests.PutPatchDeleteExamples" time="4.637" errors="0" timestamp="2024-07-09T16:23:17 IST" skipped="0">
  <testcase classname="tests.PutPatchDeleteExamples" name="testDelete" time="3.700"/>
  <testcase classname="tests.PutPatchDeleteExamples" name="testPut" time="0.408"/>
  <testcase classname="tests.PutPatchDeleteExamples" name="testPatch" time="0.529"/>
</testsuite> <!-- tests.PutPatchDeleteExamples -->
