<?xml version="1.0" encoding="UTF-8"?>
<!-- Generated by org.testng.reporters.JUnitReportReporter -->
<testsuite hostname="DESKTOP-VJ8GD4N" failures="0" tests="4" name="com.restassuredpractices.http_requests" time="7.583" errors="0" timestamp="2024-07-27T11:37:42 IST" skipped="0">
  <testcase classname="com.restassuredpractices.http_requests" name="getuser" time="5.527"/>
  <testcase classname="com.restassuredpractices.http_requests" name="createUsers" time="1.149"/>
  <testcase classname="com.restassuredpractices.http_requests" name="updateUser" time="0.460"/>
  <testcase classname="com.restassuredpractices.http_requests" name="deleteUser" time="0.447"/>
</testsuite> <!-- com.restassuredpractices.http_requests -->
